<?xml version="1.0" encoding="UTF-8"?>
<!-- Generated by org.testng.reporters.JUnitReportReporter -->
<testsuite hostname="Kajal-PC" failures="0" tests="1" name="com.salesforce.test.login.UserMenuTest" time="11.565" errors="0" timestamp="2022-02-07T17:43:16 EST" skipped="0">
  <testcase classname="com.salesforce.test.login.UserMenuTest" name="emptyPasswordTest" time="11.565"/>
  <system-out/>
</testsuite> <!-- com.salesforce.test.login.UserMenuTest -->
