<?xml version="1.0" encoding="UTF-8"?>
<!-- Generated by org.testng.reporters.JUnitReportReporter -->
<testsuite hostname="Kajal-PC" failures="0" tests="2" name="com.salesforce.test.usermenu.UserMenuTest" time="17.464" errors="0" timestamp="2022-02-08T21:17:32 EST" skipped="0">
  <testcase classname="com.salesforce.test.usermenu.UserMenuTest" name="userNavigationTest" time="8.689"/>
  <system-out/>
  <testcase classname="com.salesforce.test.usermenu.UserMenuTest" name="clickLogoutMenuTest" time="8.775"/>
  <system-out/>
</testsuite> <!-- com.salesforce.test.usermenu.UserMenuTest -->
