<?xml version="1.0" encoding="UTF-8"?>
<!-- Generated by org.testng.reporters.JUnitReportReporter -->
<testsuite hostname="Kajal-PC" failures="0" tests="5" name="com.salesforce.test.login.LoginTest" time="40.029" errors="0" timestamp="2022-02-08T21:17:32 EST" skipped="0">
  <testcase classname="com.salesforce.test.login.LoginTest" name="emptyPasswordTest" time="6.067"/>
  <system-out/>
  <testcase classname="com.salesforce.test.login.LoginTest" name="forgotPasswordTest" time="8.247"/>
  <system-out/>
  <testcase classname="com.salesforce.test.login.LoginTest" name="rememberMeLoginTest" time="10.468"/>
  <system-out/>
  <testcase classname="com.salesforce.test.login.LoginTest" name="invalidLoginTest" time="6.262"/>
  <system-out/>
  <testcase classname="com.salesforce.test.login.LoginTest" name="validLoginTest" time="8.985"/>
  <system-out/>
</testsuite> <!-- com.salesforce.test.login.LoginTest -->
